<?xml version="1.0" encoding="UTF-8"?>
<!-- Generated by org.testng.reporters.JUnitReportReporter -->
<testsuite skipped="0" hostname="DAVUTs-MBP.fios-router.home" name="com.class3.Groups" tests="1" failures="0" timestamp="2020-01-18T00:29:29 EST" time="2.595" errors="0">
  <testcase name="titleValidation" time="2.595" classname="com.class3.Groups"/>
</testsuite> <!-- com.class3.Groups -->
