<?xml version="1.0" encoding="UTF-8"?>
<!-- Generated by org.testng.reporters.JUnitReportReporter -->
<testsuite skipped="0" hostname="DAVUTs-MBP.fios-router.home" name="com.class3.AlwaysRun" tests="2" failures="0" timestamp="2020-01-16T20:39:52 EST" time="0.007" errors="0">
  <testcase name="testMethod1" time="0.002" classname="com.class3.AlwaysRun"/>
  <testcase name="testMethod" time="0.005" classname="com.class3.AlwaysRun"/>
</testsuite> <!-- com.class3.AlwaysRun -->
