<?xml version="1.0" encoding="UTF-8"?>
<!-- Generated by org.testng.reporters.JUnitReportReporter -->
<testsuite skipped="0" hostname="DAVUTs-MacBook-Pro.local" name="com.class1.TitleLogoAndLoginVerification" tests="3" failures="0" timestamp="2020-01-12T14:17:56 EST" time="70.435" errors="0">
  <testcase name="titleValidation" time="22.603" classname="com.class1.TitleLogoAndLoginVerification"/>
  <testcase name="validLogin" time="24.608" classname="com.class1.TitleLogoAndLoginVerification"/>
  <testcase name="logoValidation" time="23.224" classname="com.class1.TitleLogoAndLoginVerification"/>
</testsuite> <!-- com.class1.TitleLogoAndLoginVerification -->
