<?xml version="1.0" encoding="UTF-8"?>
<!-- Generated by org.testng.reporters.JUnitReportReporter -->
<testsuite skipped="0" hostname="DAVUTs-MBP.fios-router.home" name="com.class1.TestNGDemo" tests="3" failures="0" timestamp="2020-01-13T22:36:52 EST" time="0.009" errors="0">
  <testcase name="testTwo" time="0.001" classname="com.class1.TestNGDemo"/>
  <testcase name="testOne" time="0.007" classname="com.class1.TestNGDemo"/>
  <testcase name="testThree" time="0.001" classname="com.class1.TestNGDemo"/>
</testsuite> <!-- com.class1.TestNGDemo -->
