<?xml version="1.0" encoding="UTF-8"?>
<!-- Generated by org.testng.reporters.JUnitReportReporter -->
<testsuite skipped="0" hostname="DAVUTs-MBP.fios-router.home" name="com.class1.Task1" tests="3" failures="0" timestamp="2020-01-13T22:49:49 EST" time="0.009" errors="0">
  <testcase name="isDisplayed" time="0.001" classname="com.class1.Task1"/>
  <testcase name="Asymmetry" time="0.008" classname="com.class1.Task1"/>
  <testcase name="Method" time="0.000" classname="com.class1.Task1"/>
</testsuite> <!-- com.class1.Task1 -->
