<?xml version="1.0" encoding="UTF-8"?>
<!-- Generated by org.testng.reporters.JUnitReportReporter -->
<testsuite skipped="0" hostname="DAVUTs-MBP.fios-router.home" name="com.class1.TaskTwo" tests="2" failures="0" timestamp="2020-01-13T23:06:38 EST" time="0.007" errors="0">
  <testcase name="testA1" time="0.005" classname="com.class1.TaskTwo"/>
  <testcase name="testZ9" time="0.002" classname="com.class1.TaskTwo"/>
</testsuite> <!-- com.class1.TaskTwo -->
