<?xml version="1.0" encoding="UTF-8"?>
<!-- Generated by org.testng.reporters.JUnitReportReporter -->
<testsuite skipped="0" hostname="DAVUTs-MBP.fios-router.home" name="com.class4.HW" tests="5" failures="0" timestamp="2020-01-18T00:06:46 EST" time="83.652" errors="0">
  <testcase name="test" time="16.365" classname="com.class4.HW"/>
  <testcase name="test" time="16.027" classname="com.class4.HW"/>
  <testcase name="test" time="16.594" classname="com.class4.HW"/>
  <testcase name="test" time="16.334" classname="com.class4.HW"/>
  <testcase name="test" time="18.332" classname="com.class4.HW"/>
</testsuite> <!-- com.class4.HW -->
