<?xml version="1.0" encoding="UTF-8"?>
<!-- Generated by org.testng.reporters.JUnitReportReporter -->
<testsuite skipped="0" hostname="DAVUTs-MBP.fios-router.home" name="com.class3.Groups" tests="2" failures="0" timestamp="2020-01-16T20:54:42 EST" time="6.786" errors="0">
  <testcase name="titleValidation" time="2.612" classname="com.class3.Groups"/>
  <testcase name="validLogin" time="4.174" classname="com.class3.Groups"/>
</testsuite> <!-- com.class3.Groups -->
